{"/home/jimmyhayek/cloud/work/clients/hajek/textgame/packages/core/src/core/ContentLoader.ts": {"path":"/home/jimmyhayek/cloud/work/clients/hajek/textgame/packages/core/src/core/ContentLoader.ts","statementMap":{"0":{"start":{"line":6,"column":10},"end":{"line":6,"column":56}},"1":{"start":{"line":7,"column":10},"end":{"line":7,"column":68}},"2":{"start":{"line":8,"column":10},"end":{"line":8,"column":45}},"3":{"start":{"line":11,"column":4},"end":{"line":11,"column":64}},"4":{"start":{"line":15,"column":4},"end":{"line":17,"column":5}},"5":{"start":{"line":16,"column":6},"end":{"line":16,"column":45}},"6":{"start":{"line":19,"column":4},"end":{"line":21,"column":5}},"7":{"start":{"line":20,"column":6},"end":{"line":20,"column":48}},"8":{"start":{"line":23,"column":29},"end":{"line":23,"column":56}},"9":{"start":{"line":25,"column":4},"end":{"line":27,"column":5}},"10":{"start":{"line":26,"column":6},"end":{"line":26,"column":74}},"11":{"start":{"line":31,"column":4},"end":{"line":40,"column":5}},"12":{"start":{"line":32,"column":6},"end":{"line":36,"column":9}},"13":{"start":{"line":33,"column":29},"end":{"line":33,"column":74}},"14":{"start":{"line":34,"column":8},"end":{"line":34,"column":46}},"15":{"start":{"line":35,"column":8},"end":{"line":35,"column":21}},"16":{"start":{"line":38,"column":6},"end":{"line":38,"column":63}},"17":{"start":{"line":39,"column":6},"end":{"line":39,"column":64}},"18":{"start":{"line":42,"column":4},"end":{"line":42,"column":51}},"19":{"start":{"line":43,"column":4},"end":{"line":43,"column":23}},"20":{"start":{"line":47,"column":4},"end":{"line":47,"column":41}},"21":{"start":{"line":51,"column":4},"end":{"line":51,"column":43}},"22":{"start":{"line":55,"column":32},"end":{"line":55,"column":62}},"23":{"start":{"line":56,"column":4},"end":{"line":56,"column":63}},"24":{"start":{"line":56,"column":42},"end":{"line":56,"column":60}},"25":{"start":{"line":5,"column":0},"end":{"line":5,"column":13}}},"fnMap":{"0":{"name":"(anonymous_0)","decl":{"start":{"line":5,"column":0},"end":{"line":5,"column":13}},"loc":{"start":{"line":5,"column":0},"end":{"line":58,"column":1}}},"1":{"name":"(anonymous_1)","decl":{"start":{"line":10,"column":9},"end":{"line":10,"column":23}},"loc":{"start":{"line":10,"column":48},"end":{"line":12,"column":3}}},"2":{"name":"(anonymous_2)","decl":{"start":{"line":14,"column":9},"end":{"line":14,"column":14}},"loc":{"start":{"line":14,"column":41},"end":{"line":44,"column":3}}},"3":{"name":"(anonymous_3)","decl":{"start":{"line":32,"column":44},"end":{"line":32,"column":45}},"loc":{"start":{"line":32,"column":75},"end":{"line":36,"column":7}}},"4":{"name":"(anonymous_4)","decl":{"start":{"line":46,"column":9},"end":{"line":46,"column":17}},"loc":{"start":{"line":46,"column":34},"end":{"line":48,"column":3}}},"5":{"name":"(anonymous_5)","decl":{"start":{"line":50,"column":9},"end":{"line":50,"column":20}},"loc":{"start":{"line":50,"column":20},"end":{"line":52,"column":3}}},"6":{"name":"(anonymous_6)","decl":{"start":{"line":54,"column":9},"end":{"line":54,"column":14}},"loc":{"start":{"line":54,"column":49},"end":{"line":57,"column":3}}},"7":{"name":"(anonymous_7)","decl":{"start":{"line":56,"column":36},"end":{"line":56,"column":38}},"loc":{"start":{"line":56,"column":42},"end":{"line":56,"column":60}}}},"branchMap":{"0":{"loc":{"start":{"line":15,"column":4},"end":{"line":17,"column":5}},"type":"if","locations":[{"start":{"line":15,"column":4},"end":{"line":17,"column":5}}]},"1":{"loc":{"start":{"line":19,"column":4},"end":{"line":21,"column":5}},"type":"if","locations":[{"start":{"line":19,"column":4},"end":{"line":21,"column":5}}]},"2":{"loc":{"start":{"line":25,"column":4},"end":{"line":27,"column":5}},"type":"if","locations":[{"start":{"line":25,"column":4},"end":{"line":27,"column":5}}]},"3":{"loc":{"start":{"line":31,"column":4},"end":{"line":40,"column":5}},"type":"if","locations":[{"start":{"line":31,"column":4},"end":{"line":40,"column":5}},{"start":{"line":37,"column":11},"end":{"line":40,"column":5}}]},"4":{"loc":{"start":{"line":33,"column":29},"end":{"line":33,"column":74}},"type":"cond-expr","locations":[{"start":{"line":33,"column":51},"end":{"line":33,"column":65}},{"start":{"line":33,"column":68},"end":{"line":33,"column":74}}]},"5":{"loc":{"start":{"line":55,"column":32},"end":{"line":55,"column":62}},"type":"binary-expr","locations":[{"start":{"line":55,"column":32},"end":{"line":55,"column":40}},{"start":{"line":55,"column":44},"end":{"line":55,"column":62}}]}},"s":{"0":22,"1":22,"2":22,"3":18,"4":36,"5":9,"6":27,"7":1,"8":26,"9":26,"10":1,"11":25,"12":3,"13":3,"14":3,"15":3,"16":22,"17":22,"18":25,"19":25,"20":2,"21":2,"22":2,"23":2,"24":5,"25":5},"f":{"0":22,"1":18,"2":36,"3":3,"4":2,"5":2,"6":2,"7":5},"b":{"0":[9],"1":[1],"2":[1],"3":[3,22],"4":[2,1],"5":[2,1]}}
,"/home/jimmyhayek/cloud/work/clients/hajek/textgame/packages/core/src/core/EffectManager.ts": {"path":"/home/jimmyhayek/cloud/work/clients/hajek/textgame/packages/core/src/core/EffectManager.ts","statementMap":{"0":{"start":{"line":4,"column":10},"end":{"line":4,"column":69}},"1":{"start":{"line":7,"column":4},"end":{"line":7,"column":34}},"2":{"start":{"line":11,"column":4},"end":{"line":14,"column":7}},"3":{"start":{"line":12,"column":34},"end":{"line":12,"column":40}},"4":{"start":{"line":13,"column":6},"end":{"line":13,"column":40}},"5":{"start":{"line":16,"column":4},"end":{"line":22,"column":7}},"6":{"start":{"line":17,"column":38},"end":{"line":17,"column":44}},"7":{"start":{"line":18,"column":6},"end":{"line":20,"column":7}},"8":{"start":{"line":19,"column":8},"end":{"line":19,"column":38}},"9":{"start":{"line":21,"column":6},"end":{"line":21,"column":41}},"10":{"start":{"line":24,"column":4},"end":{"line":30,"column":7}},"11":{"start":{"line":25,"column":38},"end":{"line":25,"column":44}},"12":{"start":{"line":26,"column":6},"end":{"line":28,"column":7}},"13":{"start":{"line":27,"column":8},"end":{"line":27,"column":38}},"14":{"start":{"line":29,"column":6},"end":{"line":29,"column":41}},"15":{"start":{"line":34,"column":4},"end":{"line":34,"column":53}},"16":{"start":{"line":38,"column":22},"end":{"line":38,"column":60}},"17":{"start":{"line":39,"column":4},"end":{"line":43,"column":5}},"18":{"start":{"line":40,"column":6},"end":{"line":40,"column":31}},"19":{"start":{"line":42,"column":6},"end":{"line":42,"column":79}},"20":{"start":{"line":47,"column":4},"end":{"line":49,"column":5}},"21":{"start":{"line":48,"column":6},"end":{"line":48,"column":38}},"22":{"start":{"line":3,"column":0},"end":{"line":3,"column":13}}},"fnMap":{"0":{"name":"(anonymous_0)","decl":{"start":{"line":6,"column":2},"end":{"line":6,"column":null}},"loc":{"start":{"line":6,"column":2},"end":{"line":8,"column":3}}},"1":{"name":"(anonymous_1)","decl":{"start":{"line":10,"column":10},"end":{"line":10,"column":32}},"loc":{"start":{"line":10,"column":32},"end":{"line":31,"column":3}}},"2":{"name":"(anonymous_2)","decl":{"start":{"line":11,"column":49},"end":{"line":11,"column":50}},"loc":{"start":{"line":11,"column":67},"end":{"line":14,"column":5}}},"3":{"name":"(anonymous_3)","decl":{"start":{"line":16,"column":55},"end":{"line":16,"column":56}},"loc":{"start":{"line":16,"column":73},"end":{"line":22,"column":5}}},"4":{"name":"(anonymous_4)","decl":{"start":{"line":24,"column":55},"end":{"line":24,"column":56}},"loc":{"start":{"line":24,"column":73},"end":{"line":30,"column":5}}},"5":{"name":"(anonymous_5)","decl":{"start":{"line":33,"column":9},"end":{"line":33,"column":32}},"loc":{"start":{"line":33,"column":79},"end":{"line":35,"column":3}}},"6":{"name":"(anonymous_6)","decl":{"start":{"line":37,"column":9},"end":{"line":37,"column":20}},"loc":{"start":{"line":37,"column":53},"end":{"line":44,"column":3}}},"7":{"name":"(anonymous_7)","decl":{"start":{"line":46,"column":9},"end":{"line":46,"column":21}},"loc":{"start":{"line":46,"column":57},"end":{"line":50,"column":3}}}},"branchMap":{"0":{"loc":{"start":{"line":17,"column":24},"end":{"line":17,"column":33}},"type":"default-arg","locations":[{"start":{"line":17,"column":32},"end":{"line":17,"column":33}}]},"1":{"loc":{"start":{"line":18,"column":6},"end":{"line":20,"column":7}},"type":"if","locations":[{"start":{"line":18,"column":6},"end":{"line":20,"column":7}}]},"2":{"loc":{"start":{"line":25,"column":24},"end":{"line":25,"column":33}},"type":"default-arg","locations":[{"start":{"line":25,"column":32},"end":{"line":25,"column":33}}]},"3":{"loc":{"start":{"line":26,"column":6},"end":{"line":28,"column":7}},"type":"if","locations":[{"start":{"line":26,"column":6},"end":{"line":28,"column":7}}]},"4":{"loc":{"start":{"line":39,"column":4},"end":{"line":43,"column":5}},"type":"if","locations":[{"start":{"line":39,"column":4},"end":{"line":43,"column":5}},{"start":{"line":41,"column":11},"end":{"line":43,"column":5}}]}},"s":{"0":20,"1":20,"2":20,"3":6,"4":6,"5":20,"6":3,"7":3,"8":1,"9":3,"10":20,"11":2,"12":2,"13":1,"14":2,"15":62,"16":14,"17":14,"18":13,"19":1,"20":5,"21":7,"22":5},"f":{"0":20,"1":20,"2":6,"3":3,"4":2,"5":62,"6":14,"7":5},"b":{"0":[0],"1":[1],"2":[0],"3":[1],"4":[13,1]}}
,"/home/jimmyhayek/cloud/work/clients/hajek/textgame/packages/core/src/core/EventEmitter.ts": {"path":"/home/jimmyhayek/cloud/work/clients/hajek/textgame/packages/core/src/core/EventEmitter.ts","statementMap":{"0":{"start":{"line":4,"column":10},"end":{"line":4,"column":72}},"1":{"start":{"line":7,"column":4},"end":{"line":9,"column":5}},"2":{"start":{"line":8,"column":6},"end":{"line":8,"column":47}},"3":{"start":{"line":10,"column":4},"end":{"line":10,"column":49}},"4":{"start":{"line":14,"column":59},"end":{"line":14,"column":88}},"5":{"start":{"line":15,"column":4},"end":{"line":17,"column":5}},"6":{"start":{"line":16,"column":6},"end":{"line":16,"column":38}},"7":{"start":{"line":21,"column":59},"end":{"line":21,"column":88}},"8":{"start":{"line":22,"column":4},"end":{"line":26,"column":5}},"9":{"start":{"line":23,"column":6},"end":{"line":25,"column":7}},"10":{"start":{"line":24,"column":8},"end":{"line":24,"column":23}},"11":{"start":{"line":3,"column":0},"end":{"line":3,"column":13}}},"fnMap":{"0":{"name":"(anonymous_0)","decl":{"start":{"line":3,"column":0},"end":{"line":3,"column":13}},"loc":{"start":{"line":3,"column":0},"end":{"line":28,"column":1}}},"1":{"name":"(anonymous_1)","decl":{"start":{"line":6,"column":9},"end":{"line":6,"column":11}},"loc":{"start":{"line":6,"column":61},"end":{"line":11,"column":3}}},"2":{"name":"(anonymous_2)","decl":{"start":{"line":13,"column":9},"end":{"line":13,"column":12}},"loc":{"start":{"line":13,"column":62},"end":{"line":18,"column":3}}},"3":{"name":"(anonymous_3)","decl":{"start":{"line":20,"column":9},"end":{"line":20,"column":13}},"loc":{"start":{"line":20,"column":50},"end":{"line":27,"column":3}}}},"branchMap":{"0":{"loc":{"start":{"line":7,"column":4},"end":{"line":9,"column":5}},"type":"if","locations":[{"start":{"line":7,"column":4},"end":{"line":9,"column":5}}]},"1":{"loc":{"start":{"line":15,"column":4},"end":{"line":17,"column":5}},"type":"if","locations":[{"start":{"line":15,"column":4},"end":{"line":17,"column":5}}]},"2":{"loc":{"start":{"line":22,"column":4},"end":{"line":26,"column":5}},"type":"if","locations":[{"start":{"line":22,"column":4},"end":{"line":26,"column":5}}]}},"s":{"0":18,"1":6,"2":5,"3":6,"4":2,"5":2,"6":1,"7":51,"8":51,"9":9,"10":9,"11":5},"f":{"0":18,"1":6,"2":2,"3":51},"b":{"0":[5],"1":[1],"2":[9]}}
,"/home/jimmyhayek/cloud/work/clients/hajek/textgame/packages/core/src/core/GameEngine.ts": {"path":"/home/jimmyhayek/cloud/work/clients/hajek/textgame/packages/core/src/core/GameEngine.ts","statementMap":{"0":{"start":{"line":11,"column":0},"end":{"line":11,"column":46}},"1":{"start":{"line":12,"column":0},"end":{"line":12,"column":46}},"2":{"start":{"line":13,"column":0},"end":{"line":13,"column":46}},"3":{"start":{"line":14,"column":0},"end":{"line":14,"column":48}},"4":{"start":{"line":15,"column":0},"end":{"line":15,"column":48}},"5":{"start":{"line":16,"column":0},"end":{"line":16,"column":48}},"6":{"start":{"line":39,"column":10},"end":{"line":39,"column":37}},"7":{"start":{"line":47,"column":34},"end":{"line":47,"column":41}},"8":{"start":{"line":49,"column":4},"end":{"line":49,"column":43}},"9":{"start":{"line":50,"column":4},"end":{"line":50,"column":55}},"10":{"start":{"line":51,"column":4},"end":{"line":51,"column":45}},"11":{"start":{"line":52,"column":4},"end":{"line":52,"column":61}},"12":{"start":{"line":53,"column":4},"end":{"line":53,"column":45}},"13":{"start":{"line":54,"column":4},"end":{"line":54,"column":49}},"14":{"start":{"line":65,"column":20},"end":{"line":68,"column":null}},"15":{"start":{"line":71,"column":4},"end":{"line":77,"column":5}},"16":{"start":{"line":72,"column":6},"end":{"line":72,"column":28}},"17":{"start":{"line":73,"column":6},"end":{"line":73,"column":73}},"18":{"start":{"line":74,"column":6},"end":{"line":74,"column":82}},"19":{"start":{"line":76,"column":6},"end":{"line":76,"column":73}},"20":{"start":{"line":86,"column":4},"end":{"line":86,"column":26}},"21":{"start":{"line":96,"column":25},"end":{"line":96,"column":60}},"22":{"start":{"line":97,"column":4},"end":{"line":97,"column":30}},"23":{"start":{"line":97,"column":23},"end":{"line":97,"column":30}},"24":{"start":{"line":99,"column":19},"end":{"line":99,"column":68}},"25":{"start":{"line":99,"column":50},"end":{"line":99,"column":67}},"26":{"start":{"line":100,"column":4},"end":{"line":103,"column":5}},"27":{"start":{"line":101,"column":6},"end":{"line":101,"column":80}},"28":{"start":{"line":102,"column":6},"end":{"line":102,"column":13}},"29":{"start":{"line":105,"column":4},"end":{"line":108,"column":5}},"30":{"start":{"line":106,"column":6},"end":{"line":106,"column":69}},"31":{"start":{"line":107,"column":6},"end":{"line":107,"column":13}},"32":{"start":{"line":110,"column":4},"end":{"line":110,"column":57}},"33":{"start":{"line":112,"column":4},"end":{"line":118,"column":5}},"34":{"start":{"line":113,"column":6},"end":{"line":115,"column":9}},"35":{"start":{"line":114,"column":8},"end":{"line":114,"column":64}},"36":{"start":{"line":117,"column":6},"end":{"line":117,"column":75}},"37":{"start":{"line":121,"column":4},"end":{"line":125,"column":5}},"38":{"start":{"line":122,"column":6},"end":{"line":122,"column":67}},"39":{"start":{"line":124,"column":6},"end":{"line":124,"column":37}},"40":{"start":{"line":127,"column":20},"end":{"line":130,"column":null}},"41":{"start":{"line":133,"column":4},"end":{"line":135,"column":5}},"42":{"start":{"line":134,"column":6},"end":{"line":134,"column":82}},"43":{"start":{"line":145,"column":4},"end":{"line":145,"column":46}},"44":{"start":{"line":155,"column":4},"end":{"line":155,"column":47}},"45":{"start":{"line":165,"column":4},"end":{"line":165,"column":44}},"46":{"start":{"line":174,"column":4},"end":{"line":174,"column":40}},"47":{"start":{"line":183,"column":4},"end":{"line":183,"column":47}},"48":{"start":{"line":192,"column":4},"end":{"line":192,"column":79}},"49":{"start":{"line":204,"column":4},"end":{"line":204,"column":46}},"50":{"start":{"line":213,"column":4},"end":{"line":213,"column":52}},"51":{"start":{"line":224,"column":4},"end":{"line":224,"column":55}},"52":{"start":{"line":240,"column":4},"end":{"line":240,"column":70}},"53":{"start":{"line":249,"column":4},"end":{"line":249,"column":30}},"54":{"start":{"line":258,"column":4},"end":{"line":258,"column":29}},"55":{"start":{"line":267,"column":4},"end":{"line":267,"column":29}},"56":{"start":{"line":276,"column":4},"end":{"line":276,"column":29}},"57":{"start":{"line":285,"column":4},"end":{"line":285,"column":30}},"58":{"start":{"line":294,"column":4},"end":{"line":294,"column":30}},"59":{"start":{"line":32,"column":0},"end":{"line":32,"column":13}}},"fnMap":{"0":{"name":"(anonymous_0)","decl":{"start":{"line":46,"column":2},"end":{"line":46,"column":14}},"loc":{"start":{"line":46,"column":45},"end":{"line":55,"column":3}}},"1":{"name":"(anonymous_1)","decl":{"start":{"line":64,"column":9},"end":{"line":64,"column":14}},"loc":{"start":{"line":64,"column":44},"end":{"line":78,"column":3}}},"2":{"name":"(anonymous_2)","decl":{"start":{"line":85,"column":9},"end":{"line":85,"column":22}},"loc":{"start":{"line":85,"column":22},"end":{"line":87,"column":3}}},"3":{"name":"(anonymous_3)","decl":{"start":{"line":95,"column":9},"end":{"line":95,"column":14}},"loc":{"start":{"line":95,"column":44},"end":{"line":136,"column":3}}},"4":{"name":"(anonymous_4)","decl":{"start":{"line":99,"column":45},"end":{"line":99,"column":46}},"loc":{"start":{"line":99,"column":50},"end":{"line":99,"column":67}}},"5":{"name":"(anonymous_5)","decl":{"start":{"line":113,"column":36},"end":{"line":113,"column":41}},"loc":{"start":{"line":113,"column":44},"end":{"line":115,"column":7}}},"6":{"name":"(anonymous_6)","decl":{"start":{"line":144,"column":9},"end":{"line":144,"column":11}},"loc":{"start":{"line":144,"column":61},"end":{"line":146,"column":3}}},"7":{"name":"(anonymous_7)","decl":{"start":{"line":154,"column":9},"end":{"line":154,"column":12}},"loc":{"start":{"line":154,"column":62},"end":{"line":156,"column":3}}},"8":{"name":"(anonymous_8)","decl":{"start":{"line":164,"column":9},"end":{"line":164,"column":13}},"loc":{"start":{"line":164,"column":50},"end":{"line":166,"column":3}}},"9":{"name":"(anonymous_9)","decl":{"start":{"line":173,"column":9},"end":{"line":173,"column":17}},"loc":{"start":{"line":173,"column":17},"end":{"line":175,"column":3}}},"10":{"name":"(anonymous_10)","decl":{"start":{"line":182,"column":9},"end":{"line":182,"column":24}},"loc":{"start":{"line":182,"column":24},"end":{"line":184,"column":3}}},"11":{"name":"(anonymous_11)","decl":{"start":{"line":191,"column":9},"end":{"line":191,"column":28}},"loc":{"start":{"line":191,"column":28},"end":{"line":193,"column":3}}},"12":{"name":"(anonymous_12)","decl":{"start":{"line":203,"column":9},"end":{"line":203,"column":23}},"loc":{"start":{"line":203,"column":38},"end":{"line":205,"column":3}}},"13":{"name":"(anonymous_13)","decl":{"start":{"line":212,"column":9},"end":{"line":212,"column":25}},"loc":{"start":{"line":212,"column":44},"end":{"line":214,"column":3}}},"14":{"name":"(anonymous_14)","decl":{"start":{"line":223,"column":9},"end":{"line":223,"column":18}},"loc":{"start":{"line":223,"column":55},"end":{"line":225,"column":3}}},"15":{"name":"(anonymous_15)","decl":{"start":{"line":236,"column":9},"end":{"line":236,"column":32}},"loc":{"start":{"line":238,"column":59},"end":{"line":241,"column":3}}},"16":{"name":"(anonymous_16)","decl":{"start":{"line":248,"column":9},"end":{"line":248,"column":25}},"loc":{"start":{"line":248,"column":25},"end":{"line":250,"column":3}}},"17":{"name":"(anonymous_17)","decl":{"start":{"line":257,"column":9},"end":{"line":257,"column":24}},"loc":{"start":{"line":257,"column":24},"end":{"line":259,"column":3}}},"18":{"name":"(anonymous_18)","decl":{"start":{"line":266,"column":9},"end":{"line":266,"column":24}},"loc":{"start":{"line":266,"column":24},"end":{"line":268,"column":3}}},"19":{"name":"(anonymous_19)","decl":{"start":{"line":275,"column":9},"end":{"line":275,"column":24}},"loc":{"start":{"line":275,"column":24},"end":{"line":277,"column":3}}},"20":{"name":"(anonymous_20)","decl":{"start":{"line":284,"column":9},"end":{"line":284,"column":25}},"loc":{"start":{"line":284,"column":25},"end":{"line":286,"column":3}}},"21":{"name":"(anonymous_21)","decl":{"start":{"line":293,"column":9},"end":{"line":293,"column":25}},"loc":{"start":{"line":293,"column":25},"end":{"line":295,"column":3}}}},"branchMap":{"0":{"loc":{"start":{"line":46,"column":14},"end":{"line":46,"column":45}},"type":"default-arg","locations":[{"start":{"line":46,"column":43},"end":{"line":46,"column":45}}]},"1":{"loc":{"start":{"line":47,"column":12},"end":{"line":47,"column":29}},"type":"default-arg","locations":[{"start":{"line":47,"column":27},"end":{"line":47,"column":29}}]},"2":{"loc":{"start":{"line":71,"column":4},"end":{"line":77,"column":5}},"type":"if","locations":[{"start":{"line":71,"column":4},"end":{"line":77,"column":5}},{"start":{"line":75,"column":11},"end":{"line":77,"column":5}}]},"3":{"loc":{"start":{"line":97,"column":4},"end":{"line":97,"column":30}},"type":"if","locations":[{"start":{"line":97,"column":4},"end":{"line":97,"column":30}}]},"4":{"loc":{"start":{"line":100,"column":4},"end":{"line":103,"column":5}},"type":"if","locations":[{"start":{"line":100,"column":4},"end":{"line":103,"column":5}}]},"5":{"loc":{"start":{"line":105,"column":4},"end":{"line":108,"column":5}},"type":"if","locations":[{"start":{"line":105,"column":4},"end":{"line":108,"column":5}}]},"6":{"loc":{"start":{"line":105,"column":8},"end":{"line":105,"column":75}},"type":"binary-expr","locations":[{"start":{"line":105,"column":8},"end":{"line":105,"column":24}},{"start":{"line":105,"column":28},"end":{"line":105,"column":75}}]},"7":{"loc":{"start":{"line":112,"column":4},"end":{"line":118,"column":5}},"type":"if","locations":[{"start":{"line":112,"column":4},"end":{"line":118,"column":5}}]},"8":{"loc":{"start":{"line":112,"column":8},"end":{"line":112,"column":51}},"type":"binary-expr","locations":[{"start":{"line":112,"column":8},"end":{"line":112,"column":22}},{"start":{"line":112,"column":26},"end":{"line":112,"column":51}}]},"9":{"loc":{"start":{"line":121,"column":4},"end":{"line":125,"column":5}},"type":"if","locations":[{"start":{"line":121,"column":4},"end":{"line":125,"column":5}},{"start":{"line":123,"column":11},"end":{"line":125,"column":5}}]},"10":{"loc":{"start":{"line":133,"column":4},"end":{"line":135,"column":5}},"type":"if","locations":[{"start":{"line":133,"column":4},"end":{"line":135,"column":5}}]}},"s":{"0":3,"1":3,"2":3,"3":3,"4":3,"5":3,"6":12,"7":12,"8":12,"9":12,"10":12,"11":12,"12":12,"13":12,"14":10,"15":10,"16":10,"17":10,"18":10,"19":0,"20":2,"21":12,"22":12,"23":0,"24":12,"25":14,"26":12,"27":0,"28":0,"29":12,"30":1,"31":1,"32":11,"33":11,"34":4,"35":4,"36":4,"37":11,"38":2,"39":9,"40":11,"41":11,"42":11,"43":1,"44":0,"45":0,"46":5,"47":3,"48":3,"49":2,"50":1,"51":2,"52":1,"53":9,"54":2,"55":4,"56":0,"57":0,"58":0,"59":3},"f":{"0":12,"1":10,"2":2,"3":12,"4":14,"5":4,"6":1,"7":0,"8":0,"9":5,"10":3,"11":3,"12":2,"13":1,"14":2,"15":1,"16":9,"17":2,"18":4,"19":0,"20":0,"21":0},"b":{"0":[12],"1":[12],"2":[10,0],"3":[0],"4":[0],"5":[1],"6":[12,2],"7":[4],"8":[11,4],"9":[2,9],"10":[11]}}
,"/home/jimmyhayek/cloud/work/clients/hajek/textgame/packages/core/src/core/PluginManager.ts": {"path":"/home/jimmyhayek/cloud/work/clients/hajek/textgame/packages/core/src/core/PluginManager.ts","statementMap":{"0":{"start":{"line":5,"column":10},"end":{"line":5,"column":51}},"1":{"start":{"line":9,"column":4},"end":{"line":9,"column":25}},"2":{"start":{"line":13,"column":4},"end":{"line":16,"column":5}},"3":{"start":{"line":14,"column":6},"end":{"line":14,"column":79}},"4":{"start":{"line":15,"column":6},"end":{"line":15,"column":13}},"5":{"start":{"line":18,"column":4},"end":{"line":18,"column":42}},"6":{"start":{"line":19,"column":4},"end":{"line":19,"column":35}},"7":{"start":{"line":23,"column":39},"end":{"line":23,"column":67}},"8":{"start":{"line":24,"column":4},"end":{"line":29,"column":5}},"9":{"start":{"line":25,"column":6},"end":{"line":27,"column":7}},"10":{"start":{"line":26,"column":8},"end":{"line":26,"column":25}},"11":{"start":{"line":28,"column":6},"end":{"line":28,"column":38}},"12":{"start":{"line":33,"column":4},"end":{"line":33,"column":57}},"13":{"start":{"line":37,"column":4},"end":{"line":37,"column":45}},"14":{"start":{"line":4,"column":0},"end":{"line":4,"column":13}}},"fnMap":{"0":{"name":"(anonymous_0)","decl":{"start":{"line":8,"column":2},"end":{"line":8,"column":14}},"loc":{"start":{"line":8,"column":32},"end":{"line":10,"column":3}}},"1":{"name":"(anonymous_1)","decl":{"start":{"line":12,"column":9},"end":{"line":12,"column":23}},"loc":{"start":{"line":12,"column":38},"end":{"line":20,"column":3}}},"2":{"name":"(anonymous_2)","decl":{"start":{"line":22,"column":9},"end":{"line":22,"column":25}},"loc":{"start":{"line":22,"column":44},"end":{"line":30,"column":3}}},"3":{"name":"(anonymous_3)","decl":{"start":{"line":32,"column":9},"end":{"line":32,"column":18}},"loc":{"start":{"line":32,"column":55},"end":{"line":34,"column":3}}},"4":{"name":"(anonymous_4)","decl":{"start":{"line":36,"column":9},"end":{"line":36,"column":22}},"loc":{"start":{"line":36,"column":22},"end":{"line":38,"column":3}}}},"branchMap":{"0":{"loc":{"start":{"line":13,"column":4},"end":{"line":16,"column":5}},"type":"if","locations":[{"start":{"line":13,"column":4},"end":{"line":16,"column":5}}]},"1":{"loc":{"start":{"line":24,"column":4},"end":{"line":29,"column":5}},"type":"if","locations":[{"start":{"line":24,"column":4},"end":{"line":29,"column":5}}]},"2":{"loc":{"start":{"line":25,"column":6},"end":{"line":27,"column":7}},"type":"if","locations":[{"start":{"line":25,"column":6},"end":{"line":27,"column":7}}]}},"s":{"0":17,"1":17,"2":8,"3":1,"4":1,"5":7,"6":7,"7":3,"8":3,"9":2,"10":2,"11":2,"12":4,"13":1,"14":5},"f":{"0":17,"1":8,"2":3,"3":4,"4":1},"b":{"0":[1],"1":[2],"2":[2]}}
,"/home/jimmyhayek/cloud/work/clients/hajek/textgame/packages/core/src/core/SceneManager.ts": {"path":"/home/jimmyhayek/cloud/work/clients/hajek/textgame/packages/core/src/core/SceneManager.ts","statementMap":{"0":{"start":{"line":6,"column":10},"end":{"line":6,"column":48}},"1":{"start":{"line":8,"column":10},"end":{"line":8,"column":44}},"2":{"start":{"line":11,"column":4},"end":{"line":11,"column":39}},"3":{"start":{"line":19,"column":4},"end":{"line":44,"column":5}},"4":{"start":{"line":20,"column":33},"end":{"line":20,"column":76}},"5":{"start":{"line":22,"column":6},"end":{"line":25,"column":7}},"6":{"start":{"line":23,"column":8},"end":{"line":23,"column":63}},"7":{"start":{"line":24,"column":8},"end":{"line":24,"column":21}},"8":{"start":{"line":27,"column":6},"end":{"line":29,"column":7}},"9":{"start":{"line":28,"column":8},"end":{"line":28,"column":48}},"10":{"start":{"line":31,"column":6},"end":{"line":31,"column":36}},"11":{"start":{"line":32,"column":6},"end":{"line":32,"column":38}},"12":{"start":{"line":34,"column":6},"end":{"line":34,"column":39}},"13":{"start":{"line":36,"column":6},"end":{"line":38,"column":7}},"14":{"start":{"line":37,"column":8},"end":{"line":37,"column":43}},"15":{"start":{"line":40,"column":6},"end":{"line":40,"column":18}},"16":{"start":{"line":42,"column":6},"end":{"line":42,"column":73}},"17":{"start":{"line":43,"column":6},"end":{"line":43,"column":19}},"18":{"start":{"line":48,"column":4},"end":{"line":48,"column":29}},"19":{"start":{"line":52,"column":4},"end":{"line":52,"column":31}},"20":{"start":{"line":56,"column":4},"end":{"line":56,"column":38}},"21":{"start":{"line":56,"column":28},"end":{"line":56,"column":38}},"22":{"start":{"line":58,"column":4},"end":{"line":63,"column":7}},"23":{"start":{"line":59,"column":6},"end":{"line":61,"column":7}},"24":{"start":{"line":60,"column":8},"end":{"line":60,"column":39}},"25":{"start":{"line":62,"column":6},"end":{"line":62,"column":18}},"26":{"start":{"line":5,"column":0},"end":{"line":5,"column":13}}},"fnMap":{"0":{"name":"(anonymous_0)","decl":{"start":{"line":10,"column":2},"end":{"line":10,"column":14}},"loc":{"start":{"line":10,"column":42},"end":{"line":12,"column":3}}},"1":{"name":"(anonymous_1)","decl":{"start":{"line":14,"column":9},"end":{"line":14,"column":14}},"loc":{"start":{"line":17,"column":22},"end":{"line":45,"column":3}}},"2":{"name":"(anonymous_2)","decl":{"start":{"line":47,"column":9},"end":{"line":47,"column":24}},"loc":{"start":{"line":47,"column":24},"end":{"line":49,"column":3}}},"3":{"name":"(anonymous_3)","decl":{"start":{"line":51,"column":9},"end":{"line":51,"column":26}},"loc":{"start":{"line":51,"column":26},"end":{"line":53,"column":3}}},"4":{"name":"(anonymous_4)","decl":{"start":{"line":55,"column":9},"end":{"line":55,"column":28}},"loc":{"start":{"line":55,"column":45},"end":{"line":64,"column":3}}},"5":{"name":"(anonymous_5)","decl":{"start":{"line":58,"column":44},"end":{"line":58,"column":50}},"loc":{"start":{"line":58,"column":53},"end":{"line":63,"column":5}}}},"branchMap":{"0":{"loc":{"start":{"line":22,"column":6},"end":{"line":25,"column":7}},"type":"if","locations":[{"start":{"line":22,"column":6},"end":{"line":25,"column":7}}]},"1":{"loc":{"start":{"line":27,"column":6},"end":{"line":29,"column":7}},"type":"if","locations":[{"start":{"line":27,"column":6},"end":{"line":29,"column":7}}]},"2":{"loc":{"start":{"line":27,"column":10},"end":{"line":27,"column":55}},"type":"binary-expr","locations":[{"start":{"line":27,"column":10},"end":{"line":27,"column":27}},{"start":{"line":27,"column":31},"end":{"line":27,"column":55}}]},"3":{"loc":{"start":{"line":36,"column":6},"end":{"line":38,"column":7}},"type":"if","locations":[{"start":{"line":36,"column":6},"end":{"line":38,"column":7}}]},"4":{"loc":{"start":{"line":56,"column":4},"end":{"line":56,"column":38}},"type":"if","locations":[{"start":{"line":56,"column":4},"end":{"line":56,"column":38}}]},"5":{"loc":{"start":{"line":59,"column":6},"end":{"line":61,"column":7}},"type":"if","locations":[{"start":{"line":59,"column":6},"end":{"line":61,"column":7}}]}},"s":{"0":12,"1":12,"2":12,"3":21,"4":21,"5":21,"6":0,"7":0,"8":21,"9":0,"10":21,"11":21,"12":21,"13":21,"14":5,"15":21,"16":0,"17":0,"18":36,"19":0,"20":3,"21":0,"22":3,"23":6,"24":3,"25":3,"26":4},"f":{"0":12,"1":21,"2":36,"3":0,"4":3,"5":6},"b":{"0":[0],"1":[0],"2":[21,12],"3":[5],"4":[0],"5":[3]}}
,"/home/jimmyhayek/cloud/work/clients/hajek/textgame/packages/core/src/core/StateManager.ts": {"path":"/home/jimmyhayek/cloud/work/clients/hajek/textgame/packages/core/src/core/StateManager.ts","statementMap":{"0":{"start":{"line":7,"column":4},"end":{"line":7,"column":55}},"1":{"start":{"line":11,"column":4},"end":{"line":15,"column":6}},"2":{"start":{"line":19,"column":4},"end":{"line":19,"column":22}},"3":{"start":{"line":23,"column":4},"end":{"line":23,"column":24}},"4":{"start":{"line":27,"column":4},"end":{"line":27,"column":26}},"5":{"start":{"line":31,"column":30},"end":{"line":34,"column":6}},"6":{"start":{"line":35,"column":4},"end":{"line":35,"column":45}},"7":{"start":{"line":39,"column":24},"end":{"line":39,"column":51}},"8":{"start":{"line":40,"column":4},"end":{"line":43,"column":6}},"9":{"start":{"line":3,"column":0},"end":{"line":3,"column":13}}},"fnMap":{"0":{"name":"(anonymous_0)","decl":{"start":{"line":6,"column":2},"end":{"line":6,"column":14}},"loc":{"start":{"line":6,"column":51},"end":{"line":8,"column":3}}},"1":{"name":"(anonymous_1)","decl":{"start":{"line":10,"column":10},"end":{"line":10,"column":28}},"loc":{"start":{"line":10,"column":61},"end":{"line":16,"column":3}}},"2":{"name":"(anonymous_2)","decl":{"start":{"line":18,"column":9},"end":{"line":18,"column":17}},"loc":{"start":{"line":18,"column":17},"end":{"line":20,"column":3}}},"3":{"name":"(anonymous_3)","decl":{"start":{"line":22,"column":9},"end":{"line":22,"column":20}},"loc":{"start":{"line":22,"column":56},"end":{"line":24,"column":3}}},"4":{"name":"(anonymous_4)","decl":{"start":{"line":26,"column":9},"end":{"line":26,"column":17}},"loc":{"start":{"line":26,"column":37},"end":{"line":28,"column":3}}},"5":{"name":"(anonymous_5)","decl":{"start":{"line":30,"column":9},"end":{"line":30,"column":18}},"loc":{"start":{"line":30,"column":18},"end":{"line":36,"column":3}}},"6":{"name":"(anonymous_6)","decl":{"start":{"line":38,"column":9},"end":{"line":38,"column":20}},"loc":{"start":{"line":38,"column":44},"end":{"line":44,"column":3}}}},"branchMap":{"0":{"loc":{"start":{"line":6,"column":14},"end":{"line":6,"column":51}},"type":"default-arg","locations":[{"start":{"line":6,"column":49},"end":{"line":6,"column":51}}]},"1":{"loc":{"start":{"line":33,"column":32},"end":{"line":33,"column":62}},"type":"binary-expr","locations":[{"start":{"line":33,"column":32},"end":{"line":33,"column":56}},{"start":{"line":33,"column":60},"end":{"line":33,"column":62}}]},"2":{"loc":{"start":{"line":42,"column":29},"end":{"line":42,"column":60}},"type":"binary-expr","locations":[{"start":{"line":42,"column":29},"end":{"line":42,"column":54}},{"start":{"line":42,"column":58},"end":{"line":42,"column":60}}]}},"s":{"0":12,"1":12,"2":37,"3":6,"4":0,"5":1,"6":1,"7":1,"8":1,"9":4},"f":{"0":12,"1":12,"2":37,"3":6,"4":0,"5":1,"6":1},"b":{"0":[0],"1":[1,0],"2":[1,0]}}
,"/home/jimmyhayek/cloud/work/clients/hajek/textgame/packages/core/src/utils/createGameEngine.ts": {"path":"/home/jimmyhayek/cloud/work/clients/hajek/textgame/packages/core/src/utils/createGameEngine.ts","statementMap":{"0":{"start":{"line":10,"column":0},"end":{"line":10,"column":16}},"1":{"start":{"line":1,"column":0},"end":{"line":1,"column":37}},"2":{"start":{"line":11,"column":54},"end":{"line":11,"column":61}},"3":{"start":{"line":13,"column":17},"end":{"line":15,"column":4}},"4":{"start":{"line":17,"column":2},"end":{"line":19,"column":3}},"5":{"start":{"line":18,"column":4},"end":{"line":18,"column":61}},"6":{"start":{"line":21,"column":2},"end":{"line":23,"column":3}},"7":{"start":{"line":22,"column":4},"end":{"line":22,"column":34}},"8":{"start":{"line":25,"column":2},"end":{"line":25,"column":16}}},"fnMap":{"0":{"name":"createGameEngine","decl":{"start":{"line":10,"column":16},"end":{"line":10,"column":32}},"loc":{"start":{"line":10,"column":64},"end":{"line":26,"column":1}}}},"branchMap":{"0":{"loc":{"start":{"line":10,"column":33},"end":{"line":10,"column":64}},"type":"default-arg","locations":[{"start":{"line":10,"column":62},"end":{"line":10,"column":64}}]},"1":{"loc":{"start":{"line":11,"column":18},"end":{"line":11,"column":30}},"type":"default-arg","locations":[{"start":{"line":11,"column":28},"end":{"line":11,"column":30}}]},"2":{"loc":{"start":{"line":11,"column":32},"end":{"line":11,"column":49}},"type":"default-arg","locations":[{"start":{"line":11,"column":47},"end":{"line":11,"column":49}}]},"3":{"loc":{"start":{"line":17,"column":2},"end":{"line":19,"column":3}},"type":"if","locations":[{"start":{"line":17,"column":2},"end":{"line":19,"column":3}}]}},"s":{"0":1,"1":1,"2":4,"3":4,"4":4,"5":1,"6":4,"7":2,"8":4},"f":{"0":4},"b":{"0":[1],"1":[3],"2":[3],"3":[1]}}
,"/home/jimmyhayek/cloud/work/clients/hajek/textgame/packages/core/src/utils/defineContent.ts": {"path":"/home/jimmyhayek/cloud/work/clients/hajek/textgame/packages/core/src/utils/defineContent.ts","statementMap":{"0":{"start":{"line":3,"column":0},"end":{"line":3,"column":16}},"1":{"start":{"line":4,"column":2},"end":{"line":4,"column":45}}},"fnMap":{"0":{"name":"defineScenes","decl":{"start":{"line":3,"column":16},"end":{"line":3,"column":28}},"loc":{"start":{"line":3,"column":64},"end":{"line":5,"column":1}}}},"branchMap":{},"s":{"0":2,"1":3},"f":{"0":3},"b":{}}
}
