{"/home/jimmyhayek/cloud/work/clients/hajek/textgame/packages/core/src/index.ts": {"path":"/home/jimmyhayek/cloud/work/clients/hajek/textgame/packages/core/src/index.ts","statementMap":{"0":{"start":{"line":1,"column":0},"end":{"line":1,"column":24}},"1":{"start":{"line":2,"column":0},"end":{"line":2,"column":34}},"2":{"start":{"line":3,"column":0},"end":{"line":3,"column":36}},"3":{"start":{"line":4,"column":0},"end":{"line":4,"column":36}},"4":{"start":{"line":5,"column":0},"end":{"line":5,"column":36}},"5":{"start":{"line":6,"column":0},"end":{"line":6,"column":37}}},"fnMap":{},"branchMap":{},"s":{"0":0,"1":0,"2":0,"3":0,"4":0,"5":0},"f":{},"b":{}}
,"/home/jimmyhayek/cloud/work/clients/hajek/textgame/packages/core/src/core/EffectManager.ts": {"path":"/home/jimmyhayek/cloud/work/clients/hajek/textgame/packages/core/src/core/EffectManager.ts","statementMap":{"0":{"start":{"line":4,"column":12},"end":{"line":4,"column":98}},"1":{"start":{"line":7,"column":8},"end":{"line":7,"column":38}},"2":{"start":{"line":11,"column":8},"end":{"line":14,"column":11}},"3":{"start":{"line":12,"column":40},"end":{"line":12,"column":46}},"4":{"start":{"line":13,"column":12},"end":{"line":13,"column":46}},"5":{"start":{"line":16,"column":8},"end":{"line":22,"column":11}},"6":{"start":{"line":17,"column":44},"end":{"line":17,"column":50}},"7":{"start":{"line":18,"column":12},"end":{"line":20,"column":13}},"8":{"start":{"line":19,"column":16},"end":{"line":19,"column":46}},"9":{"start":{"line":21,"column":12},"end":{"line":21,"column":47}},"10":{"start":{"line":24,"column":8},"end":{"line":30,"column":11}},"11":{"start":{"line":25,"column":44},"end":{"line":25,"column":50}},"12":{"start":{"line":26,"column":12},"end":{"line":28,"column":13}},"13":{"start":{"line":27,"column":16},"end":{"line":27,"column":46}},"14":{"start":{"line":29,"column":12},"end":{"line":29,"column":47}},"15":{"start":{"line":37,"column":8},"end":{"line":37,"column":57}},"16":{"start":{"line":41,"column":26},"end":{"line":41,"column":64}},"17":{"start":{"line":42,"column":8},"end":{"line":46,"column":9}},"18":{"start":{"line":43,"column":12},"end":{"line":43,"column":37}},"19":{"start":{"line":45,"column":12},"end":{"line":45,"column":85}},"20":{"start":{"line":50,"column":8},"end":{"line":52,"column":9}},"21":{"start":{"line":51,"column":12},"end":{"line":51,"column":44}},"22":{"start":{"line":3,"column":0},"end":{"line":3,"column":13}}},"fnMap":{"0":{"name":"(anonymous_0)","decl":{"start":{"line":6,"column":4},"end":{"line":6,"column":null}},"loc":{"start":{"line":6,"column":4},"end":{"line":8,"column":5}}},"1":{"name":"(anonymous_1)","decl":{"start":{"line":10,"column":12},"end":{"line":10,"column":34}},"loc":{"start":{"line":10,"column":34},"end":{"line":31,"column":5}}},"2":{"name":"(anonymous_2)","decl":{"start":{"line":11,"column":53},"end":{"line":11,"column":54}},"loc":{"start":{"line":11,"column":71},"end":{"line":14,"column":9}}},"3":{"name":"(anonymous_3)","decl":{"start":{"line":16,"column":59},"end":{"line":16,"column":60}},"loc":{"start":{"line":16,"column":77},"end":{"line":22,"column":9}}},"4":{"name":"(anonymous_4)","decl":{"start":{"line":24,"column":59},"end":{"line":24,"column":60}},"loc":{"start":{"line":24,"column":77},"end":{"line":30,"column":9}}},"5":{"name":"(anonymous_5)","decl":{"start":{"line":33,"column":11},"end":{"line":33,"column":34}},"loc":{"start":{"line":35,"column":61},"end":{"line":38,"column":5}}},"6":{"name":"(anonymous_6)","decl":{"start":{"line":40,"column":11},"end":{"line":40,"column":22}},"loc":{"start":{"line":40,"column":55},"end":{"line":47,"column":5}}},"7":{"name":"(anonymous_7)","decl":{"start":{"line":49,"column":11},"end":{"line":49,"column":23}},"loc":{"start":{"line":49,"column":59},"end":{"line":53,"column":5}}}},"branchMap":{"0":{"loc":{"start":{"line":17,"column":30},"end":{"line":17,"column":39}},"type":"default-arg","locations":[{"start":{"line":17,"column":38},"end":{"line":17,"column":39}}]},"1":{"loc":{"start":{"line":18,"column":12},"end":{"line":20,"column":13}},"type":"if","locations":[{"start":{"line":18,"column":12},"end":{"line":20,"column":13}}]},"2":{"loc":{"start":{"line":25,"column":30},"end":{"line":25,"column":39}},"type":"default-arg","locations":[{"start":{"line":25,"column":38},"end":{"line":25,"column":39}}]},"3":{"loc":{"start":{"line":26,"column":12},"end":{"line":28,"column":13}},"type":"if","locations":[{"start":{"line":26,"column":12},"end":{"line":28,"column":13}}]},"4":{"loc":{"start":{"line":42,"column":8},"end":{"line":46,"column":9}},"type":"if","locations":[{"start":{"line":42,"column":8},"end":{"line":46,"column":9}},{"start":{"line":44,"column":15},"end":{"line":46,"column":9}}]}},"s":{"0":0,"1":0,"2":0,"3":0,"4":0,"5":0,"6":0,"7":0,"8":0,"9":0,"10":0,"11":0,"12":0,"13":0,"14":0,"15":0,"16":0,"17":0,"18":0,"19":0,"20":0,"21":0,"22":0},"f":{"0":0,"1":0,"2":0,"3":0,"4":0,"5":0,"6":0,"7":0},"b":{"0":[0],"1":[0],"2":[0],"3":[0],"4":[0,0]}}
,"/home/jimmyhayek/cloud/work/clients/hajek/textgame/packages/core/src/core/EventEmitter.ts": {"path":"/home/jimmyhayek/cloud/work/clients/hajek/textgame/packages/core/src/core/EventEmitter.ts","statementMap":{"0":{"start":{"line":4,"column":12},"end":{"line":4,"column":74}},"1":{"start":{"line":7,"column":8},"end":{"line":9,"column":9}},"2":{"start":{"line":8,"column":12},"end":{"line":8,"column":53}},"3":{"start":{"line":10,"column":8},"end":{"line":10,"column":53}},"4":{"start":{"line":14,"column":31},"end":{"line":14,"column":60}},"5":{"start":{"line":15,"column":8},"end":{"line":17,"column":9}},"6":{"start":{"line":16,"column":12},"end":{"line":16,"column":44}},"7":{"start":{"line":21,"column":31},"end":{"line":21,"column":60}},"8":{"start":{"line":22,"column":8},"end":{"line":26,"column":9}},"9":{"start":{"line":23,"column":12},"end":{"line":25,"column":13}},"10":{"start":{"line":24,"column":16},"end":{"line":24,"column":31}},"11":{"start":{"line":3,"column":0},"end":{"line":3,"column":13}}},"fnMap":{"0":{"name":"(anonymous_0)","decl":{"start":{"line":3,"column":0},"end":{"line":3,"column":13}},"loc":{"start":{"line":3,"column":0},"end":{"line":28,"column":1}}},"1":{"name":"(anonymous_1)","decl":{"start":{"line":6,"column":11},"end":{"line":6,"column":13}},"loc":{"start":{"line":6,"column":63},"end":{"line":11,"column":5}}},"2":{"name":"(anonymous_2)","decl":{"start":{"line":13,"column":11},"end":{"line":13,"column":14}},"loc":{"start":{"line":13,"column":64},"end":{"line":18,"column":5}}},"3":{"name":"(anonymous_3)","decl":{"start":{"line":20,"column":11},"end":{"line":20,"column":15}},"loc":{"start":{"line":20,"column":52},"end":{"line":27,"column":5}}}},"branchMap":{"0":{"loc":{"start":{"line":7,"column":8},"end":{"line":9,"column":9}},"type":"if","locations":[{"start":{"line":7,"column":8},"end":{"line":9,"column":9}}]},"1":{"loc":{"start":{"line":15,"column":8},"end":{"line":17,"column":9}},"type":"if","locations":[{"start":{"line":15,"column":8},"end":{"line":17,"column":9}}]},"2":{"loc":{"start":{"line":22,"column":8},"end":{"line":26,"column":9}},"type":"if","locations":[{"start":{"line":22,"column":8},"end":{"line":26,"column":9}}]}},"s":{"0":0,"1":0,"2":0,"3":0,"4":0,"5":0,"6":0,"7":0,"8":0,"9":0,"10":0,"11":0},"f":{"0":0,"1":0,"2":0,"3":0},"b":{"0":[0],"1":[0],"2":[0]}}
,"/home/jimmyhayek/cloud/work/clients/hajek/textgame/packages/core/src/core/GameEngine.ts": {"path":"/home/jimmyhayek/cloud/work/clients/hajek/textgame/packages/core/src/core/GameEngine.ts","statementMap":{"0":{"start":{"line":2,"column":0},"end":{"line":2,"column":46}},"1":{"start":{"line":3,"column":0},"end":{"line":3,"column":46}},"2":{"start":{"line":4,"column":0},"end":{"line":4,"column":46}},"3":{"start":{"line":5,"column":0},"end":{"line":5,"column":48}},"4":{"start":{"line":12,"column":12},"end":{"line":12,"column":53}},"5":{"start":{"line":13,"column":12},"end":{"line":13,"column":39}},"6":{"start":{"line":19,"column":51},"end":{"line":19,"column":58}},"7":{"start":{"line":21,"column":8},"end":{"line":21,"column":47}},"8":{"start":{"line":22,"column":8},"end":{"line":22,"column":59}},"9":{"start":{"line":23,"column":8},"end":{"line":23,"column":53}},"10":{"start":{"line":24,"column":8},"end":{"line":24,"column":49}},"11":{"start":{"line":28,"column":24},"end":{"line":31,"column":null}},"12":{"start":{"line":34,"column":8},"end":{"line":37,"column":9}},"13":{"start":{"line":35,"column":12},"end":{"line":35,"column":34}},"14":{"start":{"line":36,"column":12},"end":{"line":36,"column":79}},"15":{"start":{"line":41,"column":29},"end":{"line":41,"column":64}},"16":{"start":{"line":42,"column":8},"end":{"line":42,"column":34}},"17":{"start":{"line":42,"column":27},"end":{"line":42,"column":34}},"18":{"start":{"line":44,"column":23},"end":{"line":44,"column":72}},"19":{"start":{"line":44,"column":54},"end":{"line":44,"column":71}},"20":{"start":{"line":45,"column":8},"end":{"line":48,"column":9}},"21":{"start":{"line":46,"column":12},"end":{"line":46,"column":86}},"22":{"start":{"line":47,"column":12},"end":{"line":47,"column":19}},"23":{"start":{"line":50,"column":8},"end":{"line":53,"column":9}},"24":{"start":{"line":51,"column":12},"end":{"line":51,"column":75}},"25":{"start":{"line":52,"column":12},"end":{"line":52,"column":19}},"26":{"start":{"line":55,"column":8},"end":{"line":55,"column":61}},"27":{"start":{"line":57,"column":8},"end":{"line":63,"column":9}},"28":{"start":{"line":58,"column":12},"end":{"line":60,"column":15}},"29":{"start":{"line":59,"column":16},"end":{"line":59,"column":72}},"30":{"start":{"line":62,"column":12},"end":{"line":62,"column":81}},"31":{"start":{"line":66,"column":8},"end":{"line":70,"column":9}},"32":{"start":{"line":67,"column":12},"end":{"line":67,"column":73}},"33":{"start":{"line":69,"column":12},"end":{"line":69,"column":43}},"34":{"start":{"line":72,"column":24},"end":{"line":75,"column":null}},"35":{"start":{"line":78,"column":8},"end":{"line":80,"column":9}},"36":{"start":{"line":79,"column":12},"end":{"line":79,"column":88}},"37":{"start":{"line":84,"column":8},"end":{"line":84,"column":50}},"38":{"start":{"line":88,"column":8},"end":{"line":88,"column":51}},"39":{"start":{"line":92,"column":8},"end":{"line":92,"column":48}},"40":{"start":{"line":96,"column":8},"end":{"line":96,"column":44}},"41":{"start":{"line":100,"column":8},"end":{"line":100,"column":51}},"42":{"start":{"line":104,"column":8},"end":{"line":104,"column":83}},"43":{"start":{"line":111,"column":8},"end":{"line":111,"column":74}},"44":{"start":{"line":115,"column":8},"end":{"line":115,"column":49}},"45":{"start":{"line":119,"column":8},"end":{"line":122,"column":9}},"46":{"start":{"line":120,"column":12},"end":{"line":120,"column":85}},"47":{"start":{"line":121,"column":12},"end":{"line":121,"column":19}},"48":{"start":{"line":124,"column":8},"end":{"line":124,"column":46}},"49":{"start":{"line":125,"column":8},"end":{"line":125,"column":32}},"50":{"start":{"line":129,"column":23},"end":{"line":129,"column":51}},"51":{"start":{"line":130,"column":8},"end":{"line":135,"column":9}},"52":{"start":{"line":131,"column":12},"end":{"line":133,"column":13}},"53":{"start":{"line":132,"column":16},"end":{"line":132,"column":33}},"54":{"start":{"line":134,"column":12},"end":{"line":134,"column":44}},"55":{"start":{"line":139,"column":8},"end":{"line":139,"column":61}},"56":{"start":{"line":143,"column":8},"end":{"line":143,"column":33}},"57":{"start":{"line":147,"column":8},"end":{"line":147,"column":33}},"58":{"start":{"line":151,"column":8},"end":{"line":151,"column":33}},"59":{"start":{"line":155,"column":8},"end":{"line":155,"column":34}},"60":{"start":{"line":7,"column":0},"end":{"line":7,"column":13}}},"fnMap":{"0":{"name":"(anonymous_0)","decl":{"start":{"line":15,"column":4},"end":{"line":15,"column":16}},"loc":{"start":{"line":18,"column":10},"end":{"line":25,"column":5}}},"1":{"name":"(anonymous_1)","decl":{"start":{"line":27,"column":11},"end":{"line":27,"column":16}},"loc":{"start":{"line":27,"column":39},"end":{"line":38,"column":5}}},"2":{"name":"(anonymous_2)","decl":{"start":{"line":40,"column":11},"end":{"line":40,"column":23}},"loc":{"start":{"line":40,"column":40},"end":{"line":81,"column":5}}},"3":{"name":"(anonymous_3)","decl":{"start":{"line":44,"column":49},"end":{"line":44,"column":50}},"loc":{"start":{"line":44,"column":54},"end":{"line":44,"column":71}}},"4":{"name":"(anonymous_4)","decl":{"start":{"line":58,"column":42},"end":{"line":58,"column":47}},"loc":{"start":{"line":58,"column":50},"end":{"line":60,"column":13}}},"5":{"name":"(anonymous_5)","decl":{"start":{"line":83,"column":11},"end":{"line":83,"column":13}},"loc":{"start":{"line":83,"column":63},"end":{"line":85,"column":5}}},"6":{"name":"(anonymous_6)","decl":{"start":{"line":87,"column":11},"end":{"line":87,"column":14}},"loc":{"start":{"line":87,"column":64},"end":{"line":89,"column":5}}},"7":{"name":"(anonymous_7)","decl":{"start":{"line":91,"column":11},"end":{"line":91,"column":15}},"loc":{"start":{"line":91,"column":52},"end":{"line":93,"column":5}}},"8":{"name":"(anonymous_8)","decl":{"start":{"line":95,"column":11},"end":{"line":95,"column":19}},"loc":{"start":{"line":95,"column":19},"end":{"line":97,"column":5}}},"9":{"name":"(anonymous_9)","decl":{"start":{"line":99,"column":11},"end":{"line":99,"column":26}},"loc":{"start":{"line":99,"column":26},"end":{"line":101,"column":5}}},"10":{"name":"(anonymous_10)","decl":{"start":{"line":103,"column":11},"end":{"line":103,"column":30}},"loc":{"start":{"line":103,"column":30},"end":{"line":105,"column":5}}},"11":{"name":"(anonymous_11)","decl":{"start":{"line":107,"column":11},"end":{"line":107,"column":34}},"loc":{"start":{"line":109,"column":61},"end":{"line":112,"column":5}}},"12":{"name":"(anonymous_12)","decl":{"start":{"line":114,"column":11},"end":{"line":114,"column":25}},"loc":{"start":{"line":114,"column":41},"end":{"line":116,"column":5}}},"13":{"name":"(anonymous_13)","decl":{"start":{"line":118,"column":11},"end":{"line":118,"column":25}},"loc":{"start":{"line":118,"column":40},"end":{"line":126,"column":5}}},"14":{"name":"(anonymous_14)","decl":{"start":{"line":128,"column":11},"end":{"line":128,"column":27}},"loc":{"start":{"line":128,"column":46},"end":{"line":136,"column":5}}},"15":{"name":"(anonymous_15)","decl":{"start":{"line":138,"column":11},"end":{"line":138,"column":20}},"loc":{"start":{"line":138,"column":57},"end":{"line":140,"column":5}}},"16":{"name":"(anonymous_16)","decl":{"start":{"line":142,"column":11},"end":{"line":142,"column":26}},"loc":{"start":{"line":142,"column":26},"end":{"line":144,"column":5}}},"17":{"name":"(anonymous_17)","decl":{"start":{"line":146,"column":11},"end":{"line":146,"column":26}},"loc":{"start":{"line":146,"column":26},"end":{"line":148,"column":5}}},"18":{"name":"(anonymous_18)","decl":{"start":{"line":150,"column":11},"end":{"line":150,"column":26}},"loc":{"start":{"line":150,"column":26},"end":{"line":152,"column":5}}},"19":{"name":"(anonymous_19)","decl":{"start":{"line":154,"column":11},"end":{"line":154,"column":27}},"loc":{"start":{"line":154,"column":27},"end":{"line":156,"column":5}}}},"branchMap":{"0":{"loc":{"start":{"line":15,"column":16},"end":{"line":18,"column":10}},"type":"default-arg","locations":[{"start":{"line":18,"column":8},"end":{"line":18,"column":10}}]},"1":{"loc":{"start":{"line":19,"column":16},"end":{"line":19,"column":27}},"type":"default-arg","locations":[{"start":{"line":19,"column":25},"end":{"line":19,"column":27}}]},"2":{"loc":{"start":{"line":19,"column":29},"end":{"line":19,"column":46}},"type":"default-arg","locations":[{"start":{"line":19,"column":44},"end":{"line":19,"column":46}}]},"3":{"loc":{"start":{"line":34,"column":8},"end":{"line":37,"column":9}},"type":"if","locations":[{"start":{"line":34,"column":8},"end":{"line":37,"column":9}}]},"4":{"loc":{"start":{"line":42,"column":8},"end":{"line":42,"column":34}},"type":"if","locations":[{"start":{"line":42,"column":8},"end":{"line":42,"column":34}}]},"5":{"loc":{"start":{"line":45,"column":8},"end":{"line":48,"column":9}},"type":"if","locations":[{"start":{"line":45,"column":8},"end":{"line":48,"column":9}}]},"6":{"loc":{"start":{"line":50,"column":8},"end":{"line":53,"column":9}},"type":"if","locations":[{"start":{"line":50,"column":8},"end":{"line":53,"column":9}}]},"7":{"loc":{"start":{"line":50,"column":12},"end":{"line":50,"column":79}},"type":"binary-expr","locations":[{"start":{"line":50,"column":12},"end":{"line":50,"column":28}},{"start":{"line":50,"column":32},"end":{"line":50,"column":79}}]},"8":{"loc":{"start":{"line":57,"column":8},"end":{"line":63,"column":9}},"type":"if","locations":[{"start":{"line":57,"column":8},"end":{"line":63,"column":9}}]},"9":{"loc":{"start":{"line":57,"column":12},"end":{"line":57,"column":55}},"type":"binary-expr","locations":[{"start":{"line":57,"column":12},"end":{"line":57,"column":26}},{"start":{"line":57,"column":30},"end":{"line":57,"column":55}}]},"10":{"loc":{"start":{"line":66,"column":8},"end":{"line":70,"column":9}},"type":"if","locations":[{"start":{"line":66,"column":8},"end":{"line":70,"column":9}},{"start":{"line":68,"column":15},"end":{"line":70,"column":9}}]},"11":{"loc":{"start":{"line":78,"column":8},"end":{"line":80,"column":9}},"type":"if","locations":[{"start":{"line":78,"column":8},"end":{"line":80,"column":9}}]},"12":{"loc":{"start":{"line":119,"column":8},"end":{"line":122,"column":9}},"type":"if","locations":[{"start":{"line":119,"column":8},"end":{"line":122,"column":9}}]},"13":{"loc":{"start":{"line":130,"column":8},"end":{"line":135,"column":9}},"type":"if","locations":[{"start":{"line":130,"column":8},"end":{"line":135,"column":9}}]},"14":{"loc":{"start":{"line":131,"column":12},"end":{"line":133,"column":13}},"type":"if","locations":[{"start":{"line":131,"column":12},"end":{"line":133,"column":13}}]}},"s":{"0":0,"1":0,"2":0,"3":0,"4":0,"5":0,"6":0,"7":0,"8":0,"9":0,"10":0,"11":0,"12":0,"13":0,"14":0,"15":0,"16":0,"17":0,"18":0,"19":0,"20":0,"21":0,"22":0,"23":0,"24":0,"25":0,"26":0,"27":0,"28":0,"29":0,"30":0,"31":0,"32":0,"33":0,"34":0,"35":0,"36":0,"37":0,"38":0,"39":0,"40":0,"41":0,"42":0,"43":0,"44":0,"45":0,"46":0,"47":0,"48":0,"49":0,"50":0,"51":0,"52":0,"53":0,"54":0,"55":0,"56":0,"57":0,"58":0,"59":0,"60":0},"f":{"0":0,"1":0,"2":0,"3":0,"4":0,"5":0,"6":0,"7":0,"8":0,"9":0,"10":0,"11":0,"12":0,"13":0,"14":0,"15":0,"16":0,"17":0,"18":0,"19":0},"b":{"0":[0],"1":[0],"2":[0],"3":[0],"4":[0],"5":[0],"6":[0],"7":[0,0],"8":[0],"9":[0,0],"10":[0,0],"11":[0],"12":[0],"13":[0],"14":[0]}}
,"/home/jimmyhayek/cloud/work/clients/hajek/textgame/packages/core/src/core/SceneManager.ts": {"path":"/home/jimmyhayek/cloud/work/clients/hajek/textgame/packages/core/src/core/SceneManager.ts","statementMap":{"0":{"start":{"line":5,"column":12},"end":{"line":5,"column":51}},"1":{"start":{"line":6,"column":12},"end":{"line":6,"column":49}},"2":{"start":{"line":9,"column":8},"end":{"line":9,"column":36}},"3":{"start":{"line":13,"column":8},"end":{"line":15,"column":9}},"4":{"start":{"line":14,"column":12},"end":{"line":14,"column":45}},"5":{"start":{"line":19,"column":8},"end":{"line":19,"column":40}},"6":{"start":{"line":23,"column":8},"end":{"line":23,"column":46}},"7":{"start":{"line":23,"column":34},"end":{"line":23,"column":46}},"8":{"start":{"line":24,"column":8},"end":{"line":24,"column":60}},"9":{"start":{"line":28,"column":28},"end":{"line":28,"column":52}},"10":{"start":{"line":29,"column":8},"end":{"line":32,"column":9}},"11":{"start":{"line":30,"column":12},"end":{"line":30,"column":67}},"12":{"start":{"line":31,"column":12},"end":{"line":31,"column":25}},"13":{"start":{"line":34,"column":29},"end":{"line":34,"column":51}},"14":{"start":{"line":35,"column":8},"end":{"line":37,"column":9}},"15":{"start":{"line":36,"column":12},"end":{"line":36,"column":47}},"16":{"start":{"line":39,"column":8},"end":{"line":39,"column":38}},"17":{"start":{"line":41,"column":8},"end":{"line":41,"column":41}},"18":{"start":{"line":43,"column":8},"end":{"line":45,"column":9}},"19":{"start":{"line":44,"column":12},"end":{"line":44,"column":47}},"20":{"start":{"line":47,"column":8},"end":{"line":47,"column":20}},"21":{"start":{"line":51,"column":29},"end":{"line":51,"column":51}},"22":{"start":{"line":52,"column":8},"end":{"line":52,"column":37}},"23":{"start":{"line":52,"column":27},"end":{"line":52,"column":37}},"24":{"start":{"line":54,"column":8},"end":{"line":59,"column":11}},"25":{"start":{"line":55,"column":12},"end":{"line":57,"column":13}},"26":{"start":{"line":56,"column":16},"end":{"line":56,"column":47}},"27":{"start":{"line":58,"column":12},"end":{"line":58,"column":24}},"28":{"start":{"line":4,"column":0},"end":{"line":4,"column":13}}},"fnMap":{"0":{"name":"(anonymous_0)","decl":{"start":{"line":8,"column":4},"end":{"line":8,"column":16}},"loc":{"start":{"line":8,"column":36},"end":{"line":10,"column":5}}},"1":{"name":"(anonymous_1)","decl":{"start":{"line":12,"column":11},"end":{"line":12,"column":25}},"loc":{"start":{"line":12,"column":41},"end":{"line":16,"column":5}}},"2":{"name":"(anonymous_2)","decl":{"start":{"line":18,"column":11},"end":{"line":18,"column":19}},"loc":{"start":{"line":18,"column":35},"end":{"line":20,"column":5}}},"3":{"name":"(anonymous_3)","decl":{"start":{"line":22,"column":11},"end":{"line":22,"column":26}},"loc":{"start":{"line":22,"column":26},"end":{"line":25,"column":5}}},"4":{"name":"(anonymous_4)","decl":{"start":{"line":27,"column":11},"end":{"line":27,"column":28}},"loc":{"start":{"line":27,"column":82},"end":{"line":48,"column":5}}},"5":{"name":"(anonymous_5)","decl":{"start":{"line":50,"column":11},"end":{"line":50,"column":30}},"loc":{"start":{"line":50,"column":47},"end":{"line":60,"column":5}}},"6":{"name":"(anonymous_6)","decl":{"start":{"line":54,"column":43},"end":{"line":54,"column":49}},"loc":{"start":{"line":54,"column":52},"end":{"line":59,"column":9}}}},"branchMap":{"0":{"loc":{"start":{"line":8,"column":16},"end":{"line":8,"column":36}},"type":"default-arg","locations":[{"start":{"line":8,"column":34},"end":{"line":8,"column":36}}]},"1":{"loc":{"start":{"line":23,"column":8},"end":{"line":23,"column":46}},"type":"if","locations":[{"start":{"line":23,"column":8},"end":{"line":23,"column":46}}]},"2":{"loc":{"start":{"line":24,"column":15},"end":{"line":24,"column":59}},"type":"binary-expr","locations":[{"start":{"line":24,"column":15},"end":{"line":24,"column":51}},{"start":{"line":24,"column":55},"end":{"line":24,"column":59}}]},"3":{"loc":{"start":{"line":29,"column":8},"end":{"line":32,"column":9}},"type":"if","locations":[{"start":{"line":29,"column":8},"end":{"line":32,"column":9}}]},"4":{"loc":{"start":{"line":35,"column":8},"end":{"line":37,"column":9}},"type":"if","locations":[{"start":{"line":35,"column":8},"end":{"line":37,"column":9}}]},"5":{"loc":{"start":{"line":35,"column":12},"end":{"line":35,"column":47}},"type":"binary-expr","locations":[{"start":{"line":35,"column":12},"end":{"line":35,"column":24}},{"start":{"line":35,"column":28},"end":{"line":35,"column":47}}]},"6":{"loc":{"start":{"line":43,"column":8},"end":{"line":45,"column":9}},"type":"if","locations":[{"start":{"line":43,"column":8},"end":{"line":45,"column":9}}]},"7":{"loc":{"start":{"line":52,"column":8},"end":{"line":52,"column":37}},"type":"if","locations":[{"start":{"line":52,"column":8},"end":{"line":52,"column":37}}]},"8":{"loc":{"start":{"line":55,"column":12},"end":{"line":57,"column":13}},"type":"if","locations":[{"start":{"line":55,"column":12},"end":{"line":57,"column":13}}]}},"s":{"0":0,"1":0,"2":0,"3":0,"4":0,"5":0,"6":0,"7":0,"8":0,"9":0,"10":0,"11":0,"12":0,"13":0,"14":0,"15":0,"16":0,"17":0,"18":0,"19":0,"20":0,"21":0,"22":0,"23":0,"24":0,"25":0,"26":0,"27":0,"28":0},"f":{"0":0,"1":0,"2":0,"3":0,"4":0,"5":0,"6":0},"b":{"0":[0],"1":[0],"2":[0,0],"3":[0],"4":[0],"5":[0,0],"6":[0],"7":[0],"8":[0]}}
,"/home/jimmyhayek/cloud/work/clients/hajek/textgame/packages/core/src/core/StateManager.ts": {"path":"/home/jimmyhayek/cloud/work/clients/hajek/textgame/packages/core/src/core/StateManager.ts","statementMap":{"0":{"start":{"line":7,"column":8},"end":{"line":7,"column":59}},"1":{"start":{"line":11,"column":8},"end":{"line":15,"column":10}},"2":{"start":{"line":19,"column":8},"end":{"line":19,"column":26}},"3":{"start":{"line":23,"column":8},"end":{"line":23,"column":28}},"4":{"start":{"line":27,"column":8},"end":{"line":27,"column":30}},"5":{"start":{"line":31,"column":34},"end":{"line":34,"column":10}},"6":{"start":{"line":35,"column":8},"end":{"line":35,"column":49}},"7":{"start":{"line":39,"column":28},"end":{"line":39,"column":55}},"8":{"start":{"line":40,"column":8},"end":{"line":43,"column":10}},"9":{"start":{"line":3,"column":0},"end":{"line":3,"column":13}}},"fnMap":{"0":{"name":"(anonymous_0)","decl":{"start":{"line":6,"column":4},"end":{"line":6,"column":16}},"loc":{"start":{"line":6,"column":53},"end":{"line":8,"column":5}}},"1":{"name":"(anonymous_1)","decl":{"start":{"line":10,"column":12},"end":{"line":10,"column":30}},"loc":{"start":{"line":10,"column":63},"end":{"line":16,"column":5}}},"2":{"name":"(anonymous_2)","decl":{"start":{"line":18,"column":11},"end":{"line":18,"column":19}},"loc":{"start":{"line":18,"column":19},"end":{"line":20,"column":5}}},"3":{"name":"(anonymous_3)","decl":{"start":{"line":22,"column":11},"end":{"line":22,"column":22}},"loc":{"start":{"line":22,"column":58},"end":{"line":24,"column":5}}},"4":{"name":"(anonymous_4)","decl":{"start":{"line":26,"column":11},"end":{"line":26,"column":19}},"loc":{"start":{"line":26,"column":39},"end":{"line":28,"column":5}}},"5":{"name":"(anonymous_5)","decl":{"start":{"line":30,"column":11},"end":{"line":30,"column":20}},"loc":{"start":{"line":30,"column":20},"end":{"line":36,"column":5}}},"6":{"name":"(anonymous_6)","decl":{"start":{"line":38,"column":11},"end":{"line":38,"column":22}},"loc":{"start":{"line":38,"column":46},"end":{"line":44,"column":5}}}},"branchMap":{"0":{"loc":{"start":{"line":6,"column":16},"end":{"line":6,"column":53}},"type":"default-arg","locations":[{"start":{"line":6,"column":51},"end":{"line":6,"column":53}}]},"1":{"loc":{"start":{"line":33,"column":38},"end":{"line":33,"column":68}},"type":"binary-expr","locations":[{"start":{"line":33,"column":38},"end":{"line":33,"column":62}},{"start":{"line":33,"column":66},"end":{"line":33,"column":68}}]},"2":{"loc":{"start":{"line":42,"column":35},"end":{"line":42,"column":66}},"type":"binary-expr","locations":[{"start":{"line":42,"column":35},"end":{"line":42,"column":60}},{"start":{"line":42,"column":64},"end":{"line":42,"column":66}}]}},"s":{"0":0,"1":0,"2":0,"3":0,"4":0,"5":0,"6":0,"7":0,"8":0,"9":0},"f":{"0":0,"1":0,"2":0,"3":0,"4":0,"5":0,"6":0},"b":{"0":[0],"1":[0,0],"2":[0,0]}}
}
