TN:
SF:src/core/ContentLoader.ts
FN:5,(anonymous_0)
FN:10,(anonymous_1)
FN:14,(anonymous_2)
FN:32,(anonymous_3)
FN:46,(anonymous_4)
FN:50,(anonymous_5)
FN:54,(anonymous_6)
FN:56,(anonymous_7)
FNF:8
FNH:8
FNDA:36,(anonymous_0)
FNDA:20,(anonymous_1)
FNDA:38,(anonymous_2)
FNDA:3,(anonymous_3)
FNDA:2,(anonymous_4)
FNDA:2,(anonymous_5)
FNDA:2,(anonymous_6)
FNDA:5,(anonymous_7)
DA:5,6
DA:6,36
DA:7,36
DA:8,36
DA:11,20
DA:15,38
DA:16,9
DA:19,29
DA:20,1
DA:23,28
DA:25,28
DA:26,1
DA:31,27
DA:32,3
DA:33,3
DA:34,3
DA:35,3
DA:38,24
DA:39,24
DA:42,27
DA:43,27
DA:47,2
DA:51,2
DA:55,2
DA:56,5
LF:25
LH:25
BRDA:15,0,0,9
BRDA:19,1,0,1
BRDA:25,2,0,1
BRDA:31,3,0,3
BRDA:31,3,1,24
BRDA:33,4,0,2
BRDA:33,4,1,1
BRDA:55,5,0,2
BRDA:55,5,1,1
BRF:9
BRH:9
end_of_record
TN:
SF:src/core/EffectManager.ts
FN:6,(anonymous_0)
FN:10,(anonymous_1)
FN:11,(anonymous_2)
FN:16,(anonymous_3)
FN:24,(anonymous_4)
FN:33,(anonymous_5)
FN:37,(anonymous_6)
FN:46,(anonymous_7)
FNF:8
FNH:8
FNDA:36,(anonymous_0)
FNDA:36,(anonymous_1)
FNDA:6,(anonymous_2)
FNDA:4,(anonymous_3)
FNDA:3,(anonymous_4)
FNDA:110,(anonymous_5)
FNDA:16,(anonymous_6)
FNDA:5,(anonymous_7)
DA:3,5
DA:4,36
DA:7,36
DA:11,36
DA:12,6
DA:13,6
DA:16,36
DA:17,4
DA:18,4
DA:19,1
DA:21,4
DA:24,36
DA:25,3
DA:26,3
DA:27,1
DA:29,3
DA:34,110
DA:38,16
DA:39,16
DA:40,15
DA:42,1
DA:47,5
DA:48,7
LF:23
LH:23
BRDA:17,0,0,1
BRDA:18,1,0,1
BRDA:25,2,0,1
BRDA:26,3,0,1
BRDA:39,4,0,15
BRDA:39,4,1,1
BRF:6
BRH:6
end_of_record
TN:
SF:src/core/EventEmitter.ts
FN:3,(anonymous_0)
FN:6,(anonymous_1)
FN:13,(anonymous_2)
FN:20,(anonymous_3)
FNF:4
FNH:4
FNDA:32,(anonymous_0)
FNDA:7,(anonymous_1)
FNDA:3,(anonymous_2)
FNDA:56,(anonymous_3)
DA:3,5
DA:4,32
DA:7,7
DA:8,6
DA:10,7
DA:14,3
DA:15,3
DA:16,2
DA:21,56
DA:22,56
DA:23,9
DA:24,9
LF:12
LH:12
BRDA:7,0,0,6
BRDA:15,1,0,2
BRDA:22,2,0,9
BRF:3
BRH:3
end_of_record
TN:
SF:src/core/GameEngine.ts
FN:46,(anonymous_0)
FN:64,(anonymous_1)
FN:85,(anonymous_2)
FN:95,(anonymous_3)
FN:99,(anonymous_4)
FN:113,(anonymous_5)
FN:144,(anonymous_6)
FN:154,(anonymous_7)
FN:164,(anonymous_8)
FN:173,(anonymous_9)
FN:182,(anonymous_10)
FN:191,(anonymous_11)
FN:203,(anonymous_12)
FN:212,(anonymous_13)
FN:223,(anonymous_14)
FN:236,(anonymous_15)
FN:248,(anonymous_16)
FN:257,(anonymous_17)
FN:266,(anonymous_18)
FN:275,(anonymous_19)
FN:284,(anonymous_20)
FN:293,(anonymous_21)
FNF:22
FNH:22
FNDA:26,(anonymous_0)
FNDA:13,(anonymous_1)
FNDA:3,(anonymous_2)
FNDA:15,(anonymous_3)
FNDA:15,(anonymous_4)
FNDA:4,(anonymous_5)
FNDA:2,(anonymous_6)
FNDA:1,(anonymous_7)
FNDA:1,(anonymous_8)
FNDA:5,(anonymous_9)
FNDA:3,(anonymous_10)
FNDA:3,(anonymous_11)
FNDA:2,(anonymous_12)
FNDA:1,(anonymous_13)
FNDA:2,(anonymous_14)
FNDA:1,(anonymous_15)
FNDA:11,(anonymous_16)
FNDA:4,(anonymous_17)
FNDA:4,(anonymous_18)
FNDA:2,(anonymous_19)
FNDA:1,(anonymous_20)
FNDA:1,(anonymous_21)
DA:11,3
DA:12,3
DA:13,3
DA:14,3
DA:15,3
DA:16,3
DA:32,3
DA:39,26
DA:47,26
DA:49,26
DA:50,26
DA:51,26
DA:52,26
DA:53,26
DA:54,26
DA:65,13
DA:71,13
DA:72,12
DA:73,12
DA:74,12
DA:76,1
DA:86,3
DA:96,15
DA:97,15
DA:99,15
DA:100,14
DA:101,1
DA:102,1
DA:105,13
DA:106,2
DA:107,2
DA:110,11
DA:112,11
DA:113,4
DA:114,4
DA:117,4
DA:121,11
DA:122,2
DA:124,9
DA:127,11
DA:133,11
DA:134,11
DA:145,2
DA:155,1
DA:165,1
DA:174,5
DA:183,3
DA:192,3
DA:204,2
DA:213,1
DA:224,2
DA:240,1
DA:249,11
DA:258,4
DA:267,4
DA:276,2
DA:285,1
DA:294,1
LF:58
LH:58
BRDA:46,0,0,26
BRDA:47,1,0,26
BRDA:71,2,0,12
BRDA:71,2,1,1
BRDA:97,3,0,1
BRDA:100,4,0,1
BRDA:105,5,0,2
BRDA:105,6,0,13
BRDA:105,6,1,3
BRDA:112,7,0,4
BRDA:112,8,0,11
BRDA:112,8,1,4
BRDA:121,9,0,2
BRDA:121,9,1,9
BRDA:133,10,0,11
BRF:15
BRH:15
end_of_record
TN:
SF:src/core/PluginManager.ts
FN:8,(anonymous_0)
FN:12,(anonymous_1)
FN:22,(anonymous_2)
FN:32,(anonymous_3)
FN:36,(anonymous_4)
FNF:5
FNH:5
FNDA:31,(anonymous_0)
FNDA:8,(anonymous_1)
FNDA:3,(anonymous_2)
FNDA:4,(anonymous_3)
FNDA:1,(anonymous_4)
DA:4,5
DA:5,31
DA:9,31
DA:13,8
DA:14,1
DA:15,1
DA:18,7
DA:19,7
DA:23,3
DA:24,3
DA:25,2
DA:26,2
DA:28,2
DA:33,4
DA:37,1
LF:15
LH:15
BRDA:13,0,0,1
BRDA:24,1,0,2
BRDA:25,2,0,2
BRF:3
BRH:3
end_of_record
TN:
SF:src/core/SceneManager.ts
FN:10,(anonymous_0)
FN:14,(anonymous_1)
FN:47,(anonymous_2)
FN:51,(anonymous_3)
FN:55,(anonymous_4)
FN:58,(anonymous_5)
FNF:6
FNH:6
FNDA:33,(anonymous_0)
FNDA:29,(anonymous_1)
FNDA:42,(anonymous_2)
FNDA:1,(anonymous_3)
FNDA:8,(anonymous_4)
FNDA:12,(anonymous_5)
DA:5,5
DA:6,33
DA:8,33
DA:11,33
DA:19,29
DA:20,29
DA:22,28
DA:23,1
DA:24,1
DA:27,27
DA:28,1
DA:31,27
DA:32,27
DA:34,27
DA:36,27
DA:37,6
DA:40,27
DA:42,1
DA:43,1
DA:48,42
DA:52,1
DA:56,8
DA:58,6
DA:59,12
DA:60,6
DA:62,6
LF:26
LH:26
BRDA:22,0,0,1
BRDA:27,1,0,1
BRDA:27,2,0,27
BRDA:27,2,1,13
BRDA:36,3,0,6
BRDA:56,4,0,2
BRDA:59,5,0,6
BRF:7
BRH:7
end_of_record
TN:
SF:src/core/StateManager.ts
FN:6,(anonymous_0)
FN:10,(anonymous_1)
FN:18,(anonymous_2)
FN:22,(anonymous_3)
FN:26,(anonymous_4)
FN:30,(anonymous_5)
FN:38,(anonymous_6)
FNF:7
FNH:7
FNDA:40,(anonymous_0)
FNDA:40,(anonymous_1)
FNDA:51,(anonymous_2)
FNDA:10,(anonymous_3)
FNDA:3,(anonymous_4)
FNDA:5,(anonymous_5)
FNDA:4,(anonymous_6)
DA:3,5
DA:7,40
DA:11,40
DA:19,51
DA:23,10
DA:27,3
DA:31,5
DA:35,5
DA:39,4
DA:40,4
LF:10
LH:10
BRDA:6,0,0,13
BRDA:33,1,0,5
BRDA:33,1,1,1
BRDA:42,2,0,4
BRDA:42,2,1,1
BRF:5
BRH:5
end_of_record
TN:
SF:src/utils/createGameEngine.ts
FN:10,createGameEngine
FNF:1
FNH:1
FNDA:4,createGameEngine
DA:1,1
DA:10,1
DA:11,4
DA:13,4
DA:17,4
DA:18,1
DA:21,4
DA:22,2
DA:25,4
LF:9
LH:9
BRDA:10,0,0,1
BRDA:11,1,0,3
BRDA:11,2,0,3
BRDA:17,3,0,1
BRF:4
BRH:4
end_of_record
TN:
SF:src/utils/defineContent.ts
FN:3,defineScenes
FNF:1
FNH:1
FNDA:3,defineScenes
DA:3,2
DA:4,3
LF:2
LH:2
BRF:0
BRH:0
end_of_record
